* using log directory 'E:/CAVELab/VegCourse/Practical/Practical_02/Photosynthesis.Rcheck'
* using R version 4.0.2 (2020-06-22)
* using platform: x86_64-w64-mingw32 (64-bit)
* using session charset: ISO8859-1
* using options '--no-manual --as-cran'
* checking for file 'Photosynthesis/DESCRIPTION' ... OK
* checking extension type ... Package
* this is package 'Photosynthesis' version '0.1.0'
* package encoding: UTF-8
* checking package namespace information ... OK
* checking package dependencies ... OK
* checking if this is a source package ... OK
* checking if there is a namespace ... OK
* checking for .dll and .exe files ... OK
* checking for hidden files and directories ... OK
* checking for portable file names ... OK
* checking serialization versions ... OK
* checking whether package 'Photosynthesis' can be installed ... WARNING
Found the following significant warnings:
  Warning: E:/CAVELab/VegCourse/Practical/Practical_02/Photosynthesis.Rcheck/00_pkg_src/Photosynthesis/man/Photosynthesis.Rd:12: unknown macro '\item'
  Warning: E:/CAVELab/VegCourse/Practical/Practical_02/Photosynthesis.Rcheck/00_pkg_src/Photosynthesis/man/Photosynthesis.Rd:14: unknown macro '\item'
  Warning: E:/CAVELab/VegCourse/Practical/Practical_02/Photosynthesis.Rcheck/00_pkg_src/Photosynthesis/man/Photosynthesis.Rd:16: unknown macro '\item'
  Warning: E:/CAVELab/VegCourse/Practical/Practical_02/Photosynthesis.Rcheck/00_pkg_src/Photosynthesis/man/Photosynthesis.Rd:21: unknown macro '\item'
  Warning: E:/CAVELab/VegCourse/Practical/Practical_02/Photosynthesis.Rcheck/00_pkg_src/Photosynthesis/man/Photosynthesis.Rd:23: unexpected section header '\value'
  Warning: E:/CAVELab/VegCourse/Practical/Practical_02/Photosynthesis.Rcheck/00_pkg_src/Photosynthesis/man/Photosynthesis.Rd:26: unexpected section header '\description'
  Warning: E:/CAVELab/VegCourse/Practical/Practical_02/Photosynthesis.Rcheck/00_pkg_src/Photosynthesis/man/Photosynthesis.Rd:33: unexpected END_OF_INPUT '
See 'E:/CAVELab/VegCourse/Practical/Practical_02/Photosynthesis.Rcheck/00install.out' for details.
* checking package directory ... OK
* checking for future file timestamps ... OK
* checking DESCRIPTION meta-information ... WARNING
Non-standard license specification:
  What license is it under?
Standardizable: FALSE
* checking top-level files ... OK
* checking for left-over files ... OK
* checking index information ... OK
* checking package subdirectories ... OK
* checking R files for non-ASCII characters ... OK
* checking R files for syntax errors ... OK
* checking whether the package can be loaded ... OK
* checking whether the package can be loaded with stated dependencies ... OK
* checking whether the package can be unloaded cleanly ... OK
* checking whether the namespace can be loaded with stated dependencies ... OK
* checking whether the namespace can be unloaded cleanly ... OK
* checking loading without being on the library search path ... OK
* checking dependencies in R code ... OK
* checking S3 generic/method consistency ... OK
* checking replacement functions ... OK
* checking foreign function calls ... OK
* checking R code for possible problems ... OK
* checking Rd files ... WARNING
prepare_Rd: man/Photosynthesis.Rd:12: unknown macro '\item'
prepare_Rd: man/Photosynthesis.Rd:14: unknown macro '\item'
prepare_Rd: man/Photosynthesis.Rd:16: unknown macro '\item'
prepare_Rd: man/Photosynthesis.Rd:21: unknown macro '\item'
prepare_Rd: man/Photosynthesis.Rd:23: unexpected section header '\value'
prepare_Rd: man/Photosynthesis.Rd:26: unexpected section header '\description'
prepare_Rd: man/Photosynthesis.Rd:33: unexpected END_OF_INPUT '
'
checkRd: (5) Photosynthesis.Rd:0-34: Must have a \description
prepare_Rd: co2_to_ca.Rd:22-24: Dropping empty section \examples
* checking Rd metadata ... OK
* checking Rd line widths ... OK
* checking Rd cross-references ... OK
* checking for missing documentation entries ... OK
* checking for code/documentation mismatches ... OK
* checking Rd \usage sections ... WARNING
Undocumented arguments in documentation object 'Photosynthesis'
  'leaf' 'physcon' 'LAI_layer' 'LAI_tot'

Functions with \usage entries need to have the appropriate \alias
entries, and all their arguments documented.
The \usage entries must correspond to syntactically valid R code.
See chapter 'Writing R documentation files' in the 'Writing R
Extensions' manual.
* checking Rd contents ... OK
* checking for unstated dependencies in examples ... OK
* checking examples ... ERROR
Running examples in 'Photosynthesis-Ex.R' failed
The error most likely occurred in:

> base::assign(".ptime", proc.time(), pos = "CheckExEnv")
> ### Name: fth
> ### Title: Temperature response function with inhibition
> ### Aliases: fth
> 
> ### ** Examples
> 
> #' physcon<-load.physcon()
> leaf.param<-Load.LeafPhysiologyParams()
> # We compute the temperature response of Vcmax at tl = 25°C
> fth_Vcmax<-fth(tl=298.15,hd=leaf.param$hd,seleaf.param$se,physcon=physcon)
Error in fth(tl = 298.15, hd = leaf.param$hd, seleaf.param$se, physcon = physcon) : 
  object 'seleaf.param' not found
Execution halted
* checking for non-standard things in the check directory ... OK
* checking for detritus in the temp directory ... OK
* DONE
Status: 1 ERROR, 4 WARNINGs
