This is pdfTeX, Version 3.141592653-2.6-1.40.22 (MiKTeX 21.2) (preloaded format=pdflatex 2021.3.1)  3 MAR 2021 11:47
entering extended mode
**./VegMod_course.tex
(VegMod_course.tex
LaTeX2e <2020-10-01> patch level 4
L3 programming layer <2021-02-18> xparse <2020-03-03> (C:\Program Files\MiKTeX\
tex/latex/base\book.cls
Document Class: book 2020/04/10 v1.4m Standard LaTeX document class
(C:\Program Files\MiKTeX\tex/latex/base\bk12.clo
File: bk12.clo 2020/04/10 v1.4m Standard LaTeX file (size option)
)
\c@part=\count179
\c@chapter=\count180
\c@section=\count181
\c@subsection=\count182
\c@subsubsection=\count183
\c@paragraph=\count184
\c@subparagraph=\count185
\c@figure=\count186
\c@table=\count187
\abovecaptionskip=\skip47
\belowcaptionskip=\skip48
\bibindent=\dimen138
) (C:\Program Files\MiKTeX\tex/latex/lm\lmodern.sty
Package: lmodern 2009/10/30 v1.6 Latin Modern Fonts
LaTeX Font Info:    Overwriting symbol font `operators' in version `normal'
(Font)                  OT1/cmr/m/n --> OT1/lmr/m/n on input line 22.
LaTeX Font Info:    Overwriting symbol font `letters' in version `normal'
(Font)                  OML/cmm/m/it --> OML/lmm/m/it on input line 23.
LaTeX Font Info:    Overwriting symbol font `symbols' in version `normal'
(Font)                  OMS/cmsy/m/n --> OMS/lmsy/m/n on input line 24.
LaTeX Font Info:    Overwriting symbol font `largesymbols' in version `normal'
(Font)                  OMX/cmex/m/n --> OMX/lmex/m/n on input line 25.
LaTeX Font Info:    Overwriting symbol font `operators' in version `bold'
(Font)                  OT1/cmr/bx/n --> OT1/lmr/bx/n on input line 26.
LaTeX Font Info:    Overwriting symbol font `letters' in version `bold'
(Font)                  OML/cmm/b/it --> OML/lmm/b/it on input line 27.
LaTeX Font Info:    Overwriting symbol font `symbols' in version `bold'
(Font)                  OMS/cmsy/b/n --> OMS/lmsy/b/n on input line 28.
LaTeX Font Info:    Overwriting symbol font `largesymbols' in version `bold'
(Font)                  OMX/cmex/m/n --> OMX/lmex/m/n on input line 29.
LaTeX Font Info:    Overwriting math alphabet `\mathbf' in version `normal'
(Font)                  OT1/cmr/bx/n --> OT1/lmr/bx/n on input line 31.
LaTeX Font Info:    Overwriting math alphabet `\mathsf' in version `normal'
(Font)                  OT1/cmss/m/n --> OT1/lmss/m/n on input line 32.
LaTeX Font Info:    Overwriting math alphabet `\mathit' in version `normal'
(Font)                  OT1/cmr/m/it --> OT1/lmr/m/it on input line 33.
LaTeX Font Info:    Overwriting math alphabet `\mathtt' in version `normal'
(Font)                  OT1/cmtt/m/n --> OT1/lmtt/m/n on input line 34.
LaTeX Font Info:    Overwriting math alphabet `\mathbf' in version `bold'
(Font)                  OT1/cmr/bx/n --> OT1/lmr/bx/n on input line 35.
LaTeX Font Info:    Overwriting math alphabet `\mathsf' in version `bold'
(Font)                  OT1/cmss/bx/n --> OT1/lmss/bx/n on input line 36.
LaTeX Font Info:    Overwriting math alphabet `\mathit' in version `bold'
(Font)                  OT1/cmr/bx/it --> OT1/lmr/bx/it on input line 37.
LaTeX Font Info:    Overwriting math alphabet `\mathtt' in version `bold'
(Font)                  OT1/cmtt/m/n --> OT1/lmtt/m/n on input line 38.
) (C:\Program Files\MiKTeX\tex/latex/amsmath\amsmath.sty
Package: amsmath 2020/09/23 v2.17i AMS math features
\@mathmargin=\skip49
For additional information on amsmath, use the `?' option.
(C:\Program Files\MiKTeX\tex/latex/amsmath\amstext.sty
Package: amstext 2000/06/29 v2.01 AMS text
(C:\Program Files\MiKTeX\tex/latex/amsmath\amsgen.sty
File: amsgen.sty 1999/11/30 v2.0 generic functions
\@emptytoks=\toks15
\ex@=\dimen139
)) (C:\Program Files\MiKTeX\tex/latex/amsmath\amsbsy.sty
Package: amsbsy 1999/11/29 v1.2d Bold Symbols
\pmbraise@=\dimen140
) (C:\Program Files\MiKTeX\tex/latex/amsmath\amsopn.sty
Package: amsopn 2016/03/08 v2.02 operator names
)
\inf@bad=\count188
LaTeX Info: Redefining \frac on input line 234.
\uproot@=\count189
\leftroot@=\count190
LaTeX Info: Redefining \overline on input line 399.
\classnum@=\count191
\DOTSCASE@=\count192
LaTeX Info: Redefining \ldots on input line 496.
LaTeX Info: Redefining \dots on input line 499.
LaTeX Info: Redefining \cdots on input line 620.
\Mathstrutbox@=\box47
\strutbox@=\box48
\big@size=\dimen141
LaTeX Font Info:    Redeclaring font encoding OML on input line 743.
LaTeX Font Info:    Redeclaring font encoding OMS on input line 744.
\macc@depth=\count193
\c@MaxMatrixCols=\count194
\dotsspace@=\muskip16
\c@parentequation=\count195
\dspbrk@lvl=\count196
\tag@help=\toks16
\row@=\count197
\column@=\count198
\maxfields@=\count199
\andhelp@=\toks17
\eqnshift@=\dimen142
\alignsep@=\dimen143
\tagshift@=\dimen144
\tagwidth@=\dimen145
\totwidth@=\dimen146
\lineht@=\dimen147
\@envbody=\toks18
\multlinegap=\skip50
\multlinetaggap=\skip51
\mathdisplay@stack=\toks19
LaTeX Info: Redefining \[ on input line 2923.
LaTeX Info: Redefining \] on input line 2924.
) (C:\Program Files\MiKTeX\tex/generic/iftex\ifxetex.sty
Package: ifxetex 2019/10/25 v0.7 ifxetex legacy package. Use iftex instead.
(C:\Program Files\MiKTeX\tex/generic/iftex\iftex.sty
Package: iftex 2020/03/06 v1.0d TeX engine tests
)) (C:\Program Files\MiKTeX\tex/generic/iftex\ifluatex.sty
Package: ifluatex 2019/10/25 v1.5 ifluatex legacy package. Use iftex instead.
) (C:\Program Files\MiKTeX\tex/latex/base\fontenc.sty
Package: fontenc 2020/08/10 v2.0s Standard LaTeX package
LaTeX Font Info:    Trying to load font information for T1+lmr on input line 11
2.
(C:\Program Files\MiKTeX\tex/latex/lm\t1lmr.fd
File: t1lmr.fd 2009/10/30 v1.6 Font defs for Latin Modern
)) (C:\Program Files\MiKTeX\tex/latex/base\inputenc.sty
Package: inputenc 2020/08/01 v1.3d Input encoding file
\inpenc@prehook=\toks20
\inpenc@posthook=\toks21
) (C:\Program Files\MiKTeX\tex/latex/base\textcomp.sty
Package: textcomp 2020/02/02 v2.0n Standard LaTeX package
) (C:\Program Files\MiKTeX\tex/latex/amsfonts\amssymb.sty
Package: amssymb 2013/01/14 v3.01 AMS font symbols
(C:\Program Files\MiKTeX\tex/latex/amsfonts\amsfonts.sty
Package: amsfonts 2013/01/14 v3.01 Basic AMSFonts support
\symAMSa=\mathgroup4
\symAMSb=\mathgroup5
LaTeX Font Info:    Redeclaring math symbol \hbar on input line 98.
LaTeX Font Info:    Overwriting math alphabet `\mathfrak' in version `bold'
(Font)                  U/euf/m/n --> U/euf/b/n on input line 106.
)) (D:\Users\hverbeec\AppData\Roaming\MiKTeX\tex/latex/upquote\upquote.sty
Package: upquote 2012/04/19 v1.3 upright-quote and grave-accent glyphs in verba
tim
) (D:\Users\hverbeec\AppData\Roaming\MiKTeX\tex/latex/microtype\microtype.sty
Package: microtype 2020/12/07 v2.8 Micro-typographical refinements (RS)
(C:\Program Files\MiKTeX\tex/latex/graphics\keyval.sty
Package: keyval 2014/10/28 v1.15 key=value parser (DPC)
\KV@toks@=\toks22
)
\MT@toks=\toks23
\MT@count=\count266
LaTeX Info: Redefining \textls on input line 788.
\MT@outer@kern=\dimen148
LaTeX Info: Redefining \textmicrotypecontext on input line 1358.
\MT@listname@count=\count267

(D:\Users\hverbeec\AppData\Roaming\MiKTeX\tex/latex/microtype\microtype-pdftex.
def
File: microtype-pdftex.def 2020/12/07 v2.8 Definitions specific to pdftex (RS)
LaTeX Info: Redefining \lsstyle on input line 915.
LaTeX Info: Redefining \lslig on input line 915.
\MT@outer@space=\skip52
)
Package microtype Info: Loading configuration file microtype.cfg.
(D:\Users\hverbeec\AppData\Roaming\MiKTeX\tex/latex/microtype\microtype.cfg
File: microtype.cfg 2020/12/07 v2.8 microtype main configuration file (RS)
)) (D:\Users\hverbeec\AppData\Roaming\MiKTeX\tex/latex/parskip\parskip.sty
Package: parskip 2020-06-15 v2.0f non-zero parskip adjustments
(D:\Users\hverbeec\AppData\Roaming\MiKTeX\tex/latex/kvoptions\kvoptions.sty
Package: kvoptions 2020-10-07 v3.14 Key value format for package options (HO)
(D:\Users\hverbeec\AppData\Roaming\MiKTeX\tex/generic/ltxcmds\ltxcmds.sty
Package: ltxcmds 2020-05-10 v1.25 LaTeX kernel commands for general use (HO)
) (D:\Users\hverbeec\AppData\Roaming\MiKTeX\tex/generic/kvsetkeys\kvsetkeys.sty
Package: kvsetkeys 2019/12/15 v1.18 Key value parser (HO)
)) (C:\Program Files\MiKTeX\tex/latex/etoolbox\etoolbox.sty
Package: etoolbox 2020/10/05 v2.5k e-TeX tools for LaTeX (JAW)
\etb@tempcnta=\count268
)) (C:\Program Files\MiKTeX\tex/latex/xcolor\xcolor.sty
Package: xcolor 2016/05/11 v2.12 LaTeX color extensions (UK)
(C:\Program Files\MiKTeX\tex/latex/graphics-cfg\color.cfg
File: color.cfg 2016/01/02 v1.6 sample color configuration
)
Package xcolor Info: Driver file: pdftex.def on input line 225.
(C:\Program Files\MiKTeX\tex/latex/graphics-def\pdftex.def
File: pdftex.def 2020/10/05 v1.2a Graphics/color driver for pdftex
)
Package xcolor Info: Model `cmy' substituted by `cmy0' on input line 1348.
Package xcolor Info: Model `hsb' substituted by `rgb' on input line 1352.
Package xcolor Info: Model `RGB' extended on input line 1364.
Package xcolor Info: Model `HTML' substituted by `rgb' on input line 1366.
Package xcolor Info: Model `Hsb' substituted by `hsb' on input line 1367.
Package xcolor Info: Model `tHsb' substituted by `hsb' on input line 1368.
Package xcolor Info: Model `HSB' substituted by `hsb' on input line 1369.
Package xcolor Info: Model `Gray' substituted by `gray' on input line 1370.
Package xcolor Info: Model `wave' substituted by `hsb' on input line 1371.
) (D:\Users\hverbeec\AppData\Roaming\MiKTeX\tex/latex/xurl\xurl.sty
Package: xurl 2020/12/30 v 0.09a modify URL breaks
(C:\Program Files\MiKTeX\tex/latex/url\url.sty
\Urlmuskip=\muskip17
Package: url 2013/09/16  ver 3.4  Verb mode for urls, etc.
)) (D:\Users\hverbeec\AppData\Roaming\MiKTeX\tex/latex/bookmark\bookmark.sty
Package: bookmark 2020-11-06 v1.29 PDF bookmarks (HO)
(C:\Program Files\MiKTeX\tex/latex/hyperref\hyperref.sty
Package: hyperref 2021-02-10 v7.00j Hypertext links for LaTeX
(C:\Program Files\MiKTeX\tex/generic/pdftexcmds\pdftexcmds.sty
Package: pdftexcmds 2020-06-27 v0.33 Utility functions of pdfTeX for LuaTeX (HO
)
(D:\Users\hverbeec\AppData\Roaming\MiKTeX\tex/generic/infwarerr\infwarerr.sty
Package: infwarerr 2019/12/03 v1.5 Providing info/warning/error messages (HO)
)
Package pdftexcmds Info: \pdf@primitive is available.
Package pdftexcmds Info: \pdf@ifprimitive is available.
Package pdftexcmds Info: \pdfdraftmode found.
)
(D:\Users\hverbeec\AppData\Roaming\MiKTeX\tex/generic/kvdefinekeys\kvdefinekeys
.sty
Package: kvdefinekeys 2019-12-19 v1.6 Define keys (HO)
) (D:\Users\hverbeec\AppData\Roaming\MiKTeX\tex/generic/pdfescape\pdfescape.sty
Package: pdfescape 2019/12/09 v1.15 Implements pdfTeX's escape features (HO)
) (D:\Users\hverbeec\AppData\Roaming\MiKTeX\tex/latex/hycolor\hycolor.sty
Package: hycolor 2020-01-27 v1.10 Color options for hyperref/bookmark (HO)
)
(D:\Users\hverbeec\AppData\Roaming\MiKTeX\tex/latex/letltxmacro\letltxmacro.sty
Package: letltxmacro 2019/12/03 v1.6 Let assignment for LaTeX macros (HO)
) (D:\Users\hverbeec\AppData\Roaming\MiKTeX\tex/latex/auxhook\auxhook.sty
Package: auxhook 2019-12-17 v1.6 Hooks for auxiliary files (HO)
)
\@linkdim=\dimen149
\Hy@linkcounter=\count269
\Hy@pagecounter=\count270
(C:\Program Files\MiKTeX\tex/latex/hyperref\pd1enc.def
File: pd1enc.def 2021-02-10 v7.00j Hyperref: PDFDocEncoding definition (HO)
Now handling font encoding PD1 ...
... no UTF-8 mapping file for font encoding PD1
) (C:\Program Files\MiKTeX\tex/latex/hyperref\hyperref-langpatches.def
File: hyperref-langpatches.def 2021-02-10 v7.00j Hyperref: patches for babel la
nguages
) (D:\Users\hverbeec\AppData\Roaming\MiKTeX\tex/generic/intcalc\intcalc.sty
Package: intcalc 2019/12/15 v1.3 Expandable calculations with integers (HO)
) (D:\Users\hverbeec\AppData\Roaming\MiKTeX\tex/generic/etexcmds\etexcmds.sty
Package: etexcmds 2019/12/15 v1.7 Avoid name clashes with e-TeX commands (HO)
)
\Hy@SavedSpaceFactor=\count271
(C:\Program Files\MiKTeX\tex/latex/hyperref\puenc.def
File: puenc.def 2021-02-10 v7.00j Hyperref: PDF Unicode definition (HO)
Now handling font encoding PU ...
... no UTF-8 mapping file for font encoding PU
)
Package hyperref Info: Option `unicode' set `true' on input line 4073.
Package hyperref Info: Hyper figures OFF on input line 4192.
Package hyperref Info: Link nesting OFF on input line 4197.
Package hyperref Info: Hyper index ON on input line 4200.
Package hyperref Info: Plain pages OFF on input line 4207.
Package hyperref Info: Backreferencing OFF on input line 4212.
Package hyperref Info: Implicit mode ON; LaTeX internals redefined.
Package hyperref Info: Bookmarks ON on input line 4445.
\c@Hy@tempcnt=\count272
LaTeX Info: Redefining \url on input line 4804.
\XeTeXLinkMargin=\dimen150
(D:\Users\hverbeec\AppData\Roaming\MiKTeX\tex/generic/bitset\bitset.sty
Package: bitset 2019/12/09 v1.3 Handle bit-vector datatype (HO)

(D:\Users\hverbeec\AppData\Roaming\MiKTeX\tex/generic/bigintcalc\bigintcalc.sty
Package: bigintcalc 2019/12/15 v1.5 Expandable calculations on big integers (HO
)
))
\Fld@menulength=\count273
\Field@Width=\dimen151
\Fld@charsize=\dimen152
Package hyperref Info: Hyper figures OFF on input line 6075.
Package hyperref Info: Link nesting OFF on input line 6080.
Package hyperref Info: Hyper index ON on input line 6083.
Package hyperref Info: backreferencing OFF on input line 6090.
Package hyperref Info: Link coloring OFF on input line 6095.
Package hyperref Info: Link coloring with OCG OFF on input line 6100.
Package hyperref Info: PDF/A mode OFF on input line 6105.
LaTeX Info: Redefining \ref on input line 6145.
LaTeX Info: Redefining \pageref on input line 6149.
(C:\Program Files\MiKTeX\tex/latex/base\atbegshi-ltx.sty
Package: atbegshi-ltx 2020/08/17 v1.0a Emulation of the original atbegshi packa
ge
with kernel methods
)
\Hy@abspage=\count274
\c@Item=\count275
\c@Hfootnote=\count276
)
Package hyperref Info: Driver (autodetected): hpdftex.
(C:\Program Files\MiKTeX\tex/latex/hyperref\hpdftex.def
File: hpdftex.def 2021-02-10 v7.00j Hyperref driver for pdfTeX
(C:\Program Files\MiKTeX\tex/latex/base\atveryend-ltx.sty
Package: atveryend-ltx 2020/08/19 v1.0a Emulation of the original atvery packag
e
with kernel methods
)
\Fld@listcount=\count277
\c@bookmark@seq@number=\count278

(D:\Users\hverbeec\AppData\Roaming\MiKTeX\tex/latex/rerunfilecheck\rerunfileche
ck.sty
Package: rerunfilecheck 2019/12/05 v1.9 Rerun checks for auxiliary files (HO)

(D:\Users\hverbeec\AppData\Roaming\MiKTeX\tex/generic/uniquecounter\uniquecount
er.sty
Package: uniquecounter 2019/12/15 v1.4 Provide unlimited unique counter (HO)
)
Package uniquecounter Info: New unique counter `rerunfilecheck' on input line 2
86.
)
\Hy@SectionHShift=\skip53
) (D:\Users\hverbeec\AppData\Roaming\MiKTeX\tex/latex/bookmark\bkm-pdftex.def
File: bkm-pdftex.def 2020-11-06 v1.29 bookmark driver for pdfTeX (HO)
\BKM@id=\count279
)) (D:\Users\hverbeec\AppData\Roaming\MiKTeX\tex/latex/geometry\geometry.sty
Package: geometry 2020/01/02 v5.9 Page Geometry
(C:\Program Files\MiKTeX\tex/generic/iftex\ifvtex.sty
Package: ifvtex 2019/10/25 v1.7 ifvtex legacy package. Use iftex instead.
)
\Gm@cnth=\count280
\Gm@cntv=\count281
\c@Gm@tempcnt=\count282
\Gm@bindingoffset=\dimen153
\Gm@wd@mp=\dimen154
\Gm@odd@mp=\dimen155
\Gm@even@mp=\dimen156
\Gm@layoutwidth=\dimen157
\Gm@layoutheight=\dimen158
\Gm@layouthoffset=\dimen159
\Gm@layoutvoffset=\dimen160
\Gm@dimlist=\toks24
(D:\Users\hverbeec\AppData\Roaming\MiKTeX\tex/latex/geometry\geometry.cfg)) (D:
\Users\hverbeec\AppData\Roaming\MiKTeX\tex/latex/fancyvrb\fancyvrb.sty
Package: fancyvrb 2021/01/20 v3.7 verbatim text (tvz,hv)
\FV@CodeLineNo=\count283
\FV@InFile=\read2
\FV@TabBox=\box49
\c@FancyVerbLine=\count284
\FV@StepNumber=\count285
\FV@OutFile=\write3
) (D:\Users\hverbeec\AppData\Roaming\MiKTeX\tex/latex/framed\framed.sty
Package: framed 2011/10/22 v 0.96: framed or shaded text with page breaks
\OuterFrameSep=\skip54
\fb@frw=\dimen161
\fb@frh=\dimen162
\FrameRule=\dimen163
\FrameSep=\dimen164
) (C:\Program Files\MiKTeX\tex/latex/graphics\graphicx.sty
Package: graphicx 2020/09/09 v1.2b Enhanced LaTeX Graphics (DPC,SPQR)
(C:\Program Files\MiKTeX\tex/latex/graphics\graphics.sty
Package: graphics 2020/08/30 v1.4c Standard LaTeX Graphics (DPC,SPQR)
(C:\Program Files\MiKTeX\tex/latex/graphics\trig.sty
Package: trig 2016/01/03 v1.10 sin cos tan (DPC)
) (C:\Program Files\MiKTeX\tex/latex/graphics-cfg\graphics.cfg
File: graphics.cfg 2016/06/04 v1.11 sample graphics configuration
)
Package graphics Info: Driver file: pdftex.def on input line 105.
)
\Gin@req@height=\dimen165
\Gin@req@width=\dimen166
) (D:\Users\hverbeec\AppData\Roaming\MiKTeX\tex/latex/caption\caption.sty
Package: caption 2020/10/26 v3.5g Customizing captions (AR)
(D:\Users\hverbeec\AppData\Roaming\MiKTeX\tex/latex/caption\caption3.sty
Package: caption3 2020/10/21 v2.2e caption3 kernel (AR)
\captionmargin=\dimen167
\captionmargin@=\dimen168
\captionwidth=\dimen169
\caption@tempdima=\dimen170
\caption@indent=\dimen171
\caption@parindent=\dimen172
\caption@hangindent=\dimen173
Package caption Info: Standard document class detected.
)
\c@caption@flags=\count286
\c@continuedfloat=\count287
Package caption Info: hyperref package is loaded.
) (C:\Program Files\MiKTeX\tex/latex/l3backend\l3backend-pdftex.def
File: l3backend-pdftex.def 2021-02-18 L3 backend support: PDF output (pdfTeX)
\l__color_backend_stack_int=\count288
\l__pdf_internal_box=\box50
) (VegMod_course.aux)
\openout1 = `VegMod_course.aux'.

LaTeX Font Info:    Checking defaults for OML/cmm/m/it on input line 113.
LaTeX Font Info:    ... okay on input line 113.
LaTeX Font Info:    Checking defaults for OMS/cmsy/m/n on input line 113.
LaTeX Font Info:    ... okay on input line 113.
LaTeX Font Info:    Checking defaults for OT1/cmr/m/n on input line 113.
LaTeX Font Info:    ... okay on input line 113.
LaTeX Font Info:    Checking defaults for T1/cmr/m/n on input line 113.
LaTeX Font Info:    ... okay on input line 113.
LaTeX Font Info:    Checking defaults for TS1/cmr/m/n on input line 113.
LaTeX Font Info:    ... okay on input line 113.
LaTeX Font Info:    Checking defaults for OMX/cmex/m/n on input line 113.
LaTeX Font Info:    ... okay on input line 113.
LaTeX Font Info:    Checking defaults for U/cmr/m/n on input line 113.
LaTeX Font Info:    ... okay on input line 113.
LaTeX Font Info:    Checking defaults for PD1/pdf/m/n on input line 113.
LaTeX Font Info:    ... okay on input line 113.
LaTeX Font Info:    Checking defaults for PU/pdf/m/n on input line 113.
LaTeX Font Info:    ... okay on input line 113.
LaTeX Info: Redefining \microtypecontext on input line 113.
Package microtype Info: Generating PDF output.
Package microtype Info: Character protrusion enabled (level 2).
Package microtype Info: Using protrusion set `basicmath'.
Package microtype Info: Automatic font expansion enabled (level 2),
(microtype)             stretch: 20, shrink: 20, step: 1, non-selected.
Package microtype Info: Using default expansion set `alltext-nott'.
LaTeX Info: Redefining \showhyphens on input line 113.
Package microtype Info: No adjustment of tracking.
Package microtype Info: No adjustment of interword spacing.
Package microtype Info: No adjustment of character kerning.
(D:\Users\hverbeec\AppData\Roaming\MiKTeX\tex/latex/microtype\mt-cmr.cfg
File: mt-cmr.cfg 2013/05/19 v2.2 microtype config. file: Computer Modern Roman 
(RS)
) (C:\Program Files\MiKTeX\tex/context/base/mkii\supp-pdf.mkii
[Loading MPS to PDF converter (version 2006.09.02).]
\scratchcounter=\count289
\scratchdimen=\dimen174
\scratchbox=\box51
\nofMPsegments=\count290
\nofMParguments=\count291
\everyMPshowfont=\toks25
\MPscratchCnt=\count292
\MPscratchDim=\dimen175
\MPnumerator=\count293
\makeMPintoPDFobject=\count294
\everyMPtoPDFconversion=\toks26
) (C:\Program Files\MiKTeX\tex/latex/epstopdf-pkg\epstopdf-base.sty
Package: epstopdf-base 2020-01-24 v2.11 Base part for package epstopdf
Package epstopdf-base Info: Redefining graphics rule for `.eps' on input line 4
85.
)
Package hyperref Info: Link coloring OFF on input line 113.
(C:\Program Files\MiKTeX\tex/latex/hyperref\nameref.sty
Package: nameref 2021-04-02 v2.47 Cross-referencing by name of section
(D:\Users\hverbeec\AppData\Roaming\MiKTeX\tex/latex/refcount\refcount.sty
Package: refcount 2019/12/15 v3.6 Data extraction from label references (HO)
)
(D:\Users\hverbeec\AppData\Roaming\MiKTeX\tex/generic/gettitlestring\gettitlest
ring.sty
Package: gettitlestring 2019/12/15 v1.6 Cleanup title references (HO)
)
\c@section@level=\count295
)
LaTeX Info: Redefining \ref on input line 113.
LaTeX Info: Redefining \pageref on input line 113.
LaTeX Info: Redefining \nameref on input line 113.
*geometry* driver: auto-detecting
*geometry* detected driver: pdftex
*geometry* verbose mode - [ preamble ] result:
* driver: pdftex
* paper: <default>
* layout: <same size as paper>
* layoutoffset:(h,v)=(0.0pt,0.0pt)
* modes: 
* h-part:(L,W,R)=(85.35826pt, 443.57848pt, 85.35826pt)
* v-part:(T,H,B)=(56.9055pt, 681.15898pt, 56.9055pt)
* \paperwidth=614.295pt
* \paperheight=794.96999pt
* \textwidth=443.57848pt
* \textheight=681.15898pt
* \oddsidemargin=13.08827pt
* \evensidemargin=13.08827pt
* \topmargin=-47.23828pt
* \headheight=12.0pt
* \headsep=19.8738pt
* \topskip=12.0pt
* \footskip=30.0pt
* \marginparwidth=47.0pt
* \marginparsep=7.0pt
* \columnsep=10.0pt
* \skip\footins=10.8pt plus 4.0pt minus 2.0pt
* \hoffset=0.0pt
* \voffset=0.0pt
* \mag=1000
* \@twocolumnfalse
* \@twosidefalse
* \@mparswitchfalse
* \@reversemarginfalse
* (1in=72.27pt=25.4mm, 1cm=28.453pt)

Package caption Info: Begin \AtBeginDocument code.
Package caption Info: End \AtBeginDocument code.
LaTeX Font Info:    Trying to load font information for OT1+lmr on input line 1
16.
(C:\Program Files\MiKTeX\tex/latex/lm\ot1lmr.fd
File: ot1lmr.fd 2009/10/30 v1.6 Font defs for Latin Modern
)
LaTeX Font Info:    Trying to load font information for OML+lmm on input line 1
16.
(C:\Program Files\MiKTeX\tex/latex/lm\omllmm.fd
File: omllmm.fd 2009/10/30 v1.6 Font defs for Latin Modern
)
LaTeX Font Info:    Trying to load font information for OMS+lmsy on input line 
116.
(C:\Program Files\MiKTeX\tex/latex/lm\omslmsy.fd
File: omslmsy.fd 2009/10/30 v1.6 Font defs for Latin Modern
)
LaTeX Font Info:    Trying to load font information for OMX+lmex on input line 
116.
(C:\Program Files\MiKTeX\tex/latex/lm\omxlmex.fd
File: omxlmex.fd 2009/10/30 v1.6 Font defs for Latin Modern
)
LaTeX Font Info:    External font `lmex10' loaded for size
(Font)              <14.4> on input line 116.
LaTeX Font Info:    External font `lmex10' loaded for size
(Font)              <10> on input line 116.
LaTeX Font Info:    External font `lmex10' loaded for size
(Font)              <7> on input line 116.
LaTeX Font Info:    Trying to load font information for U+msa on input line 116
.
(C:\Program Files\MiKTeX\tex/latex/amsfonts\umsa.fd
File: umsa.fd 2013/01/14 v3.01 AMS symbols A
) (D:\Users\hverbeec\AppData\Roaming\MiKTeX\tex/latex/microtype\mt-msa.cfg
File: mt-msa.cfg 2006/02/04 v1.1 microtype config. file: AMS symbols (a) (RS)
)
LaTeX Font Info:    Trying to load font information for U+msb on input line 116
.
(C:\Program Files\MiKTeX\tex/latex/amsfonts\umsb.fd
File: umsb.fd 2013/01/14 v3.01 AMS symbols B
) (D:\Users\hverbeec\AppData\Roaming\MiKTeX\tex/latex/microtype\mt-msb.cfg
File: mt-msb.cfg 2005/06/01 v1.0 microtype config. file: AMS symbols (b) (RS)
) [1



{D:/Users/hverbeec/AppData/Local/MiKTeX/pdftex/config/pdftex.map}]
<figures/chap1/planetary_boundaries.png, id=10, 510.40688pt x 510.40688pt>
File: figures/chap1/planetary_boundaries.png Graphic file (type png)
<use figures/chap1/planetary_boundaries.png>
Package pdftex.def Info: figures/chap1/planetary_boundaries.png  used on input 
line 138.
(pdftex.def)             Requested size: 266.16077pt x 266.16077pt.
[1



 <./figures/chap1/planetary_boundaries.png>]
<figures/chap1/carbon_budget.png, id=23, 908.193pt x 510.708pt>
File: figures/chap1/carbon_budget.png Graphic file (type png)
<use figures/chap1/carbon_budget.png>
Package pdftex.def Info: figures/chap1/carbon_budget.png  used on input line 15
9.
(pdftex.def)             Requested size: 354.85902pt x 199.54936pt.
<figures/chap1/GCM_ESM.jpg, id=24, 546.3612pt x 536.2434pt>
File: figures/chap1/GCM_ESM.jpg Graphic file (type jpg)
<use figures/chap1/GCM_ESM.jpg>
Package pdftex.def Info: figures/chap1/GCM_ESM.jpg  used on input line 179.
(pdftex.def)             Requested size: 310.51207pt x 304.76184pt.
LaTeX Font Info:    Trying to load font information for TS1+lmr on input line 1
92.
(C:\Program Files\MiKTeX\tex/latex/lm\ts1lmr.fd
File: ts1lmr.fd 2009/10/30 v1.6 Font defs for Latin Modern
)
<figures/chap1/cycles_bonan.jpg, id=25, 542.5068pt x 544.434pt>
File: figures/chap1/cycles_bonan.jpg Graphic file (type jpg)
<use figures/chap1/cycles_bonan.jpg>
Package pdftex.def Info: figures/chap1/cycles_bonan.jpg  used on input line 204
.
(pdftex.def)             Requested size: 354.86029pt x 356.1209pt.
[2 <./figures/chap1/carbon_budget.png>] [3 <./figures/chap1/GCM_ESM.jpg>] [4 <.
/figures/chap1/cycles_bonan.jpg>] [5]

Package caption Warning: The option `hypcap=true' will be ignored for this
(caption)                particular \caption on input line 249.
See the caption package documentation for explanation.

<figures/chap1/table_model_types.png, id=50, 1244.4894pt x 636.4578pt>
File: figures/chap1/table_model_types.png Graphic file (type png)
<use figures/chap1/table_model_types.png>
Package pdftex.def Info: figures/chap1/table_model_types.png  used on input lin
e 252.
(pdftex.def)             Requested size: 354.85406pt x 181.47975pt.

Package caption Warning: The option `hypcap=true' will be ignored for this
(caption)                particular \caption on input line 256.
See the caption package documentation for explanation.

<figures/chap1/tables_PB_empirical.png, id=51, 1174.3875pt x 489.32813pt>
File: figures/chap1/tables_PB_empirical.png Graphic file (type png)
<use figures/chap1/tables_PB_empirical.png>
Package pdftex.def Info: figures/chap1/tables_PB_empirical.png  used on input l
ine 259.
(pdftex.def)             Requested size: 354.86357pt x 147.8598pt.
[6 <./figures/chap1/table_model_types.png

pdfTeX warning: pdflatex.exe (file ./figures/chap1/table_model_types.png): larg
e interlaced PNG might cause out of memory (use non-interlaced PNG to fix this)

> <./figures/chap1/tables_PB_empirical.png>]
<figures/chap1/timeline.jpg, id=65, 904.3386pt x 673.5564pt>
File: figures/chap1/timeline.jpg Graphic file (type jpg)
<use figures/chap1/timeline.jpg>
Package pdftex.def Info: figures/chap1/timeline.jpg  used on input line 308.
(pdftex.def)             Requested size: 354.8709pt x 264.3098pt.
[7 <./figures/chap1/timeline.jpg>]

Package caption Warning: The option `hypcap=true' will be ignored for this
(caption)                particular \caption on input line 338.
See the caption package documentation for explanation.

<figures/chap1/table_components.png, id=72, 1243.044pt x 444.2196pt>
File: figures/chap1/table_components.png Graphic file (type png)
<use figures/chap1/table_components.png>
Package pdftex.def Info: figures/chap1/table_components.png  used on input line
 341.
(pdftex.def)             Requested size: 399.20476pt x 142.66154pt.
[8 <./figures/chap1/table_components.png>]
<figures/chap1/time_steps.png, id=84, 922.19531pt x 610.53094pt>
File: figures/chap1/time_steps.png Graphic file (type png)
<use figures/chap1/time_steps.png>
Package pdftex.def Info: figures/chap1/time_steps.png  used on input line 401.
(pdftex.def)             Requested size: 354.85632pt x 234.92937pt.
[9 <./figures/chap1/time_steps.png>]
<figures/chap1/grid_vert_hor.jpg, id=97, 424.9476pt x 389.7762pt>
File: figures/chap1/grid_vert_hor.jpg Graphic file (type jpg)
<use figures/chap1/grid_vert_hor.jpg>
Package pdftex.def Info: figures/chap1/grid_vert_hor.jpg  used on input line 42
8.
(pdftex.def)             Requested size: 221.79102pt x 203.43417pt.
<figures/chap1/grid_ED2.png, id=98, 395.3594pt x 684.81087pt>
File: figures/chap1/grid_ED2.png Graphic file (type png)
<use figures/chap1/grid_ED2.png>
Package pdftex.def Info: figures/chap1/grid_ED2.png  used on input line 437.
(pdftex.def)             Requested size: 310.51466pt x 537.8494pt.
[10 <./figures/chap1/grid_vert_hor.jpg>] [11 <./figures/chap1/grid_ED2.png>]
<figures/chap1/course_overview.png, id=113, 1287.8514pt x 682.2288pt>
File: figures/chap1/course_overview.png Graphic file (type png)
<use figures/chap1/course_overview.png>
Package pdftex.def Info: figures/chap1/course_overview.png  used on input line 
479.
(pdftex.def)             Requested size: 399.21016pt x 211.47833pt.
<figures/chap1/williams_fusion.png, id=114, 1001.1804pt x 557.4426pt>
File: figures/chap1/williams_fusion.png Graphic file (type png)
<use figures/chap1/williams_fusion.png>
Package pdftex.def Info: figures/chap1/williams_fusion.png  used on input line 
494.
(pdftex.def)             Requested size: 354.86392pt x 197.58304pt.
<figures/chap1/dietze_workflow.png, id=115, 882.1758pt x 539.1342pt>
File: figures/chap1/dietze_workflow.png Graphic file (type png)
<use figures/chap1/dietze_workflow.png>
Package pdftex.def Info: figures/chap1/dietze_workflow.png  used on input line 
503.
(pdftex.def)             Requested size: 354.86974pt x 216.87561pt.
[12 <./figures/chap1/course_overview.png

pdfTeX warning: pdflatex.exe (file ./figures/chap1/course_overview.png): large 
interlaced PNG might cause out of memory (use non-interlaced PNG to fix this)
>] [13 <./figures/chap1/williams_fusion.png> <./figures/chap1/dietze_workflow.p
ng>] [14

]
<figures/chap2/leaf_level_processes.png, id=141, 462.97969pt x 274.77657pt>
File: figures/chap2/leaf_level_processes.png Graphic file (type png)
<use figures/chap2/leaf_level_processes.png>
Package pdftex.def Info: figures/chap2/leaf_level_processes.png  used on input 
line 537.
(pdftex.def)             Requested size: 354.87062pt x 210.61426pt.
<figures/chap2/photosynthesis_obs.jpg, id=142, 871.5762pt x 626.34pt>
File: figures/chap2/photosynthesis_obs.jpg Graphic file (type jpg)
<use figures/chap2/photosynthesis_obs.jpg>
Package pdftex.def Info: figures/chap2/photosynthesis_obs.jpg  used on input li
ne 546.
(pdftex.def)             Requested size: 354.8616pt x 255.01387pt.
<figures/chap2/Trespons_interactions.png, id=143, 810.3876pt x 391.2216pt>
File: figures/chap2/Trespons_interactions.png Graphic file (type png)
<use figures/chap2/Trespons_interactions.png>
Package pdftex.def Info: figures/chap2/Trespons_interactions.png  used on input
 line 555.
(pdftex.def)             Requested size: 354.8652pt x 171.31422pt.
<figures/chap2/LRC.png, id=144, 1066.2234pt x 529.0164pt>
File: figures/chap2/LRC.png Graphic file (type png)
<use figures/chap2/LRC.png>
Package pdftex.def Info: figures/chap2/LRC.png  used on input line 571.
(pdftex.def)             Requested size: 354.86462pt x 176.06929pt.
<figures/chap2/hyperbola.jpg, id=145, 368.0952pt x 291.0072pt>
File: figures/chap2/hyperbola.jpg Graphic file (type jpg)
<use figures/chap2/hyperbola.jpg>
Package pdftex.def Info: figures/chap2/hyperbola.jpg  used on input line 580.
(pdftex.def)             Requested size: 354.86139pt x 280.54488pt.
<figures/chap2/MODIS_GPP.png, id=146, 499.11469pt x 381.67593pt>
File: figures/chap2/MODIS_GPP.png Graphic file (type png)
<use figures/chap2/MODIS_GPP.png>
Package pdftex.def Info: figures/chap2/MODIS_GPP.png  used on input line 593.
(pdftex.def)             Requested size: 354.87654pt x 271.37619pt.
<figures/chap2/conductance.jpg, id=147, 245.2362pt x 172.9662pt>
File: figures/chap2/conductance.jpg Graphic file (type jpg)
<use figures/chap2/conductance.jpg>
Package pdftex.def Info: figures/chap2/conductance.jpg  used on input line 605.

(pdftex.def)             Requested size: 245.25055pt x 172.97632pt.
<figures/chap2/simulated_responses.jpg, id=148, 441.3288pt x 625.8582pt>
File: figures/chap2/simulated_responses.jpg Graphic file (type jpg)
<use figures/chap2/simulated_responses.jpg>
Package pdftex.def Info: figures/chap2/simulated_responses.jpg  used on input l
ine 614.
(pdftex.def)             Requested size: 354.87498pt x 503.25613pt.
[15

 <./figures/chap2/leaf_level_processes.png>] [16 <./figures/chap2/photosynthesi
s_obs.jpg> <./figures/chap2/Trespons_interactions.png>] [17 <./figures/chap2/LR
C.png> <./figures/chap2/hyperbola.jpg>] [18 <./figures/chap2/MODIS_GPP.png> <./
figures/chap2/conductance.jpg>] [19 <./figures/chap2/simulated_responses.jpg>]
<figures/chap2/temp_responses.jpg, id=195, 625.3764pt x 475.5366pt>
File: figures/chap2/temp_responses.jpg Graphic file (type jpg)
<use figures/chap2/temp_responses.jpg>
Package pdftex.def Info: figures/chap2/temp_responses.jpg  used on input line 6
37.
(pdftex.def)             Requested size: 354.87465pt x 269.84691pt.
<figures/chap2/vcmax_jmax.png, id=196, 689.57625pt x 471.26062pt>
File: figures/chap2/vcmax_jmax.png Graphic file (type png)
<use figures/chap2/vcmax_jmax.png>
Package pdftex.def Info: figures/chap2/vcmax_jmax.png  used on input line 646.
(pdftex.def)             Requested size: 354.86742pt x 242.51857pt.
<figures/chap2/full_farquhar.png, id=197, 1035.3882pt x 673.0746pt>
File: figures/chap2/full_farquhar.png Graphic file (type png)
<use figures/chap2/full_farquhar.png>
Package pdftex.def Info: figures/chap2/full_farquhar.png  used on input line 65
5.
(pdftex.def)             Requested size: 354.8553pt x 230.68071pt.
<figures/chap2/c3_c4.jpg, id=198, 677.4108pt x 480.3546pt>
File: figures/chap2/c3_c4.jpg Graphic file (type jpg)
<use figures/chap2/c3_c4.jpg>
Package pdftex.def Info: figures/chap2/c3_c4.jpg  used on input line 683.
(pdftex.def)             Requested size: 354.86043pt x 251.63289pt.
File: figures/chap2/conductance.jpg Graphic file (type jpg)
<use figures/chap2/conductance.jpg>
Package pdftex.def Info: figures/chap2/conductance.jpg  used on input line 699.

(pdftex.def)             Requested size: 245.25055pt x 172.97632pt.
<figures/chap2/gs_obs.jpg, id=199, 645.612pt x 464.4552pt>
File: figures/chap2/gs_obs.jpg Graphic file (type jpg)
<use figures/chap2/gs_obs.jpg>
Package pdftex.def Info: figures/chap2/gs_obs.jpg  used on input line 708.
(pdftex.def)             Requested size: 354.87097pt x 255.29523pt.
<figures/chap2/ball_berry.jpg, id=200, 369.0588pt x 297.2706pt>
File: figures/chap2/ball_berry.jpg Graphic file (type jpg)
<use figures/chap2/ball_berry.jpg>
Package pdftex.def Info: figures/chap2/ball_berry.jpg  used on input line 737.
(pdftex.def)             Requested size: 354.88934pt x 285.85735pt.
<figures/chap2/numerical_solution.jpg, id=201, 312.2064pt x 312.6882pt>
File: figures/chap2/numerical_solution.jpg Graphic file (type jpg)
<use figures/chap2/numerical_solution.jpg>
Package pdftex.def Info: figures/chap2/numerical_solution.jpg  used on input li
ne 746.
(pdftex.def)             Requested size: 312.23422pt x 312.71605pt.
[20 <./figures/chap2/temp_responses.jpg>] [21 <./figures/chap2/vcmax_jmax.png> 
<./figures/chap2/full_farquhar.png

pdfTeX warning: pdflatex.exe (file ./figures/chap2/full_farquhar.png): large in
terlaced PNG might cause out of memory (use non-interlaced PNG to fix this)
>] [22 <./figures/chap2/c3_c4.jpg>] [23 <./figures/chap2/gs_obs.jpg> <./figures
/chap2/ball_berry.jpg>] [24 <./figures/chap2/numerical_solution.jpg>]
<figures/chap2/optimality.jpg, id=246, 279.9258pt x 533.3526pt>
File: figures/chap2/optimality.jpg Graphic file (type jpg)
<use figures/chap2/optimality.jpg>
Package pdftex.def Info: figures/chap2/optimality.jpg  used on input line 765.
(pdftex.def)             Requested size: 279.94218pt x 533.38383pt.
<figures/chap2/leafWP.png, id=247, 474.573pt x 273.1806pt>
File: figures/chap2/leafWP.png Graphic file (type png)
<use figures/chap2/leafWP.png>
Package pdftex.def Info: figures/chap2/leafWP.png  used on input line 777.
(pdftex.def)             Requested size: 354.86438pt x 204.27217pt.
<figures/chap2/SWfactor.jpg, id=248, 425.4294pt x 343.5234pt>
File: figures/chap2/SWfactor.jpg Graphic file (type jpg)
<use figures/chap2/SWfactor.jpg>
Package pdftex.def Info: figures/chap2/SWfactor.jpg  used on input line 786.
(pdftex.def)             Requested size: 354.87848pt x 286.55533pt.
<figures/chap2/hydraulics.jpg, id=249, 278.4804pt x 505.89pt>
File: figures/chap2/hydraulics.jpg Graphic file (type jpg)
<use figures/chap2/hydraulics.jpg>
Package pdftex.def Info: figures/chap2/hydraulics.jpg  used on input line 798.
(pdftex.def)             Requested size: 278.48395pt x 505.89645pt.

Underfull \hbox (badness 3838) in paragraph at lines 802--802
[]\T1/lmr/m/n/12 (+20) Figure 31: |Flow of wa-ter and rep-re-sen-ta-tive wa-ter
 po-ten-tials along the
 []

<figures/chap2/SPA.jpg, id=250, 678.3744pt x 458.6736pt>
File: figures/chap2/SPA.jpg Graphic file (type jpg)
<use figures/chap2/SPA.jpg>
Package pdftex.def Info: figures/chap2/SPA.jpg  used on input line 807.
(pdftex.def)             Requested size: 354.87871pt x 239.94638pt.
<figures/chap2/modelling_approaches.jpg, id=251, 805.0878pt x 555.9972pt>
File: figures/chap2/modelling_approaches.jpg Graphic file (type jpg)
<use figures/chap2/modelling_approaches.jpg>
Package pdftex.def Info: figures/chap2/modelling_approaches.jpg  used on input 
line 816.
(pdftex.def)             Requested size: 354.86624pt x 245.07219pt.
<figures/chap2/sun_shade.jpg, id=252, 542.9886pt x 549.252pt>
File: figures/chap2/sun_shade.jpg Graphic file (type jpg)
<use figures/chap2/sun_shade.jpg>
Package pdftex.def Info: figures/chap2/sun_shade.jpg  used on input line 845.
(pdftex.def)             Requested size: 354.86888pt x 358.96231pt.
<figures/chap2/GPPcontrols.jpg, id=253, 724.6272pt x 536.2434pt>
File: figures/chap2/GPPcontrols.jpg Graphic file (type jpg)
<use figures/chap2/GPPcontrols.jpg>
Package pdftex.def Info: figures/chap2/GPPcontrols.jpg  used on input line 854.

(pdftex.def)             Requested size: 354.86035pt x 262.6061pt.
<figures/chap2/ozone.png, id=254, 963.6pt x 503.78505pt>
File: figures/chap2/ozone.png Graphic file (type png)
<use figures/chap2/ozone.png>
Package pdftex.def Info: figures/chap2/ozone.png  used on input line 870.
(pdftex.def)             Requested size: 354.86494pt x 185.5289pt.
<figures/chap2/fisher1.png, id=255, 853.68938pt x 582.6369pt>
File: figures/chap2/fisher1.png Graphic file (type png)
<use figures/chap2/fisher1.png>
Package pdftex.def Info: figures/chap2/fisher1.png  used on input line 883.
(pdftex.def)             Requested size: 354.8737pt x 242.19876pt.
<figures/chap2/fisher2.png, id=256, 677.53125pt x 528.91408pt>
File: figures/chap2/fisher2.png Graphic file (type png)
<use figures/chap2/fisher2.png>
Package pdftex.def Info: figures/chap2/fisher2.png  used on input line 892.
(pdftex.def)             Requested size: 354.87183pt x 277.03033pt.
[25] [26 <./figures/chap2/optimality.jpg>] [27 <./figures/chap2/leafWP.png> <./
figures/chap2/SWfactor.jpg>] [28 <./figures/chap2/hydraulics.jpg>] [29 <./figur
es/chap2/SPA.jpg> <./figures/chap2/modelling_approaches.jpg>] [30 <./figures/ch
ap2/sun_shade.jpg>] [31 <./figures/chap2/GPPcontrols.jpg> <./figures/chap2/ozon
e.png>] [32 <./figures/chap2/fisher1.png> <./figures/chap2/fisher2.png>]
<figures/chap3/f31_LAD.png, id=319, 439.4016pt x 355.5684pt>
File: figures/chap3/f31_LAD.png Graphic file (type png)
<use figures/chap3/f31_LAD.png>
Package pdftex.def Info: figures/chap3/f31_LAD.png  used on input line 910.
(pdftex.def)             Requested size: 354.88081pt x 287.17328pt.
<figures/chap3/f32_cLAI.jpg, id=320, 455.7828pt x 374.3586pt>
File: figures/chap3/f32_cLAI.jpg Graphic file (type jpg)
<use figures/chap3/f32_cLAI.jpg>
Package pdftex.def Info: figures/chap3/f32_cLAI.jpg  used on input line 919.
(pdftex.def)             Requested size: 354.86237pt x 291.46729pt.
<figures/chap3/f33_Langle.jpg, id=321, 153.6942pt x 219.219pt>
File: figures/chap3/f33_Langle.jpg Graphic file (type jpg)
<use figures/chap3/f33_Langle.jpg>
Package pdftex.def Info: figures/chap3/f33_Langle.jpg  used on input line 927.
(pdftex.def)             Requested size: 153.70317pt x 219.23181pt.
<figures/chap3/f34_angle_distr.png, id=322, 769.26321pt x 301.20584pt>
File: figures/chap3/f34_angle_distr.png Graphic file (type png)
<use figures/chap3/f34_angle_distr.png>
Package pdftex.def Info: figures/chap3/f34_angle_distr.png  used on input line 
936.
(pdftex.def)             Requested size: 354.8631pt x 138.94702pt.
<figures/chap3/f35_architecture.jpg, id=323, 558.888pt x 502.9992pt>
File: figures/chap3/f35_architecture.jpg Graphic file (type jpg)
<use figures/chap3/f35_architecture.jpg>
Package pdftex.def Info: figures/chap3/f35_architecture.jpg  used on input line
 945.
(pdftex.def)             Requested size: 354.86435pt x 319.37791pt.
<figures/chap3/f36_obs_profile.png, id=324, 479.21315pt x 426.82953pt>
File: figures/chap3/f36_obs_profile.png Graphic file (type png)
<use figures/chap3/f36_obs_profile.png>
Package pdftex.def Info: figures/chap3/f36_obs_profile.png  used on input line 
954.
(pdftex.def)             Requested size: 354.87541pt x 316.08336pt.
<figures/chap3/f37_RT_principle.png, id=325, 564.09402pt x 250.76234pt>
File: figures/chap3/f37_RT_principle.png Graphic file (type png)
<use figures/chap3/f37_RT_principle.png>
Package pdftex.def Info: figures/chap3/f37_RT_principle.png  used on input line
 967.
(pdftex.def)             Requested size: 354.88188pt x 157.75917pt.
<figures/chap3/f37_leaf_optical.jpg, id=326, 618.16661pt x 441.93425pt>
File: figures/chap3/f37_leaf_optical.jpg Graphic file (type jpg)
<use figures/chap3/f37_leaf_optical.jpg>
Package pdftex.def Info: figures/chap3/f37_leaf_optical.jpg  used on input line
 979.
(pdftex.def)             Requested size: 354.86766pt x 253.69887pt.
<figures/chap3/f38_table_optical.jpg, id=327, 698.17982pt x 657.46513pt>
File: figures/chap3/f38_table_optical.jpg Graphic file (type jpg)
<use figures/chap3/f38_table_optical.jpg>
Package pdftex.def Info: figures/chap3/f38_table_optical.jpg  used on input lin
e 988.
(pdftex.def)             Requested size: 354.87383pt x 334.17918pt.
<figures/chap3/f39_beer.jpg, id=328, 630.1944pt x 283.2984pt>
File: figures/chap3/f39_beer.jpg Graphic file (type jpg)
<use figures/chap3/f39_beer.jpg>
Package pdftex.def Info: figures/chap3/f39_beer.jpg  used on input line 1001.
(pdftex.def)             Requested size: 354.85849pt x 159.52353pt.
<figures/chap3/f310_Kb.png, id=329, 567.48926pt x 444.29074pt>
File: figures/chap3/f310_Kb.png Graphic file (type png)
<use figures/chap3/f310_Kb.png>
Package pdftex.def Info: figures/chap3/f310_Kb.png  used on input line 1010.
(pdftex.def)             Requested size: 354.8704pt x 277.83017pt.
<figures/chap3/f311_LLh.png, id=330, 413.73363pt x 550.02806pt>
File: figures/chap3/f311_LLh.png Graphic file (type png)
<use figures/chap3/f311_LLh.png>
Package pdftex.def Info: figures/chap3/f311_LLh.png  used on input line 1019.
(pdftex.def)             Requested size: 354.87596pt x 471.78117pt.
<figures/chap3/f312_Kb_angle.png, id=331, 928.83926pt x 344.85886pt>
File: figures/chap3/f312_Kb_angle.png Graphic file (type png)
<use figures/chap3/f312_Kb_angle.png>
Package pdftex.def Info: figures/chap3/f312_Kb_angle.png  used on input line 10
28.
(pdftex.def)             Requested size: 354.86176pt x 131.75284pt.
<figures/chap3/f313_sun_shade.png, id=332, 618.41779pt x 447.20094pt>
File: figures/chap3/f313_sun_shade.png Graphic file (type png)
<use figures/chap3/f313_sun_shade.png>
Package pdftex.def Info: figures/chap3/f313_sun_shade.png  used on input line 1
037.
(pdftex.def)             Requested size: 354.86087pt x 256.61311pt.
<figures/chap3/f314_sunlit.jpg, id=333, 637.9032pt x 529.98pt>
File: figures/chap3/f314_sunlit.jpg Graphic file (type jpg)
<use figures/chap3/f314_sunlit.jpg>
Package pdftex.def Info: figures/chap3/f314_sunlit.jpg  used on input line 1046
.
(pdftex.def)             Requested size: 354.87755pt x 294.83783pt.
<figures/chap3/f315_clumping.png, id=334, 714.9912pt x 188.8656pt>
File: figures/chap3/f315_clumping.png Graphic file (type png)
<use figures/chap3/f315_clumping.png>
Package pdftex.def Info: figures/chap3/f315_clumping.png  used on input line 10
55.
(pdftex.def)             Requested size: 354.86545pt x 93.73804pt.
<figures/chap3/f316_diffuse.jpg, id=335, 727.0362pt x 223.0734pt>
File: figures/chap3/f316_diffuse.jpg Graphic file (type jpg)
<use figures/chap3/f316_diffuse.jpg>
Package pdftex.def Info: figures/chap3/f316_diffuse.jpg  used on input line 106
7.
(pdftex.def)             Requested size: 354.86415pt x 108.88144pt.
<figures/chap3/f317_diff_trans.png, id=336, 416.64383pt x 338.06839pt>
File: figures/chap3/f317_diff_trans.png Graphic file (type png)
<use figures/chap3/f317_diff_trans.png>
Package pdftex.def Info: figures/chap3/f317_diff_trans.png  used on input line 
1076.
(pdftex.def)             Requested size: 354.87367pt x 287.94756pt.
<figures/chap3/f318_diff_dir_trans.jpg, id=337, 380.622pt x 299.6796pt>
File: figures/chap3/f318_diff_dir_trans.jpg Graphic file (type jpg)
<use figures/chap3/f318_diff_dir_trans.jpg>
Package pdftex.def Info: figures/chap3/f318_diff_dir_trans.jpg  used on input l
ine 1085.
(pdftex.def)             Requested size: 354.88661pt x 279.41705pt.
<figures/chap3/f319_Norman.png, id=338, 324.00241pt x 447.20094pt>
File: figures/chap3/f319_Norman.png Graphic file (type png)
<use figures/chap3/f319_Norman.png>
Package pdftex.def Info: figures/chap3/f319_Norman.png  used on input line 1097
.
(pdftex.def)             Requested size: 324.00656pt x 447.20667pt.
<figures/chap3/f320_goudriaan.png, id=339, 465.63222pt x 275.9841pt>
File: figures/chap3/f320_goudriaan.png Graphic file (type png)
<use figures/chap3/f320_goudriaan.png>
Package pdftex.def Info: figures/chap3/f320_goudriaan.png  used on input line 1
110.
(pdftex.def)             Requested size: 354.86464pt x 210.33122pt.
[33

 <./figures/chap3/f31_LAD.png>] [34 <./figures/chap3/f32_cLAI.jpg> <./figures/c
hap3/f33_Langle.jpg>] [35 <./figures/chap3/f34_angle_distr.png> <./figures/chap
3/f35_architecture.jpg>] [36 <./figures/chap3/f36_obs_profile.png> <./figures/c
hap3/f37_RT_principle.png>] [37 <./figures/chap3/f37_leaf_optical.jpg> <./figur
es/chap3/f38_table_optical.jpg>] [38 <./figures/chap3/f39_beer.jpg> <./figures/
chap3/f310_Kb.png>] [39 <./figures/chap3/f311_LLh.png>] [40 <./figures/chap3/f3
12_Kb_angle.png> <./figures/chap3/f313_sun_shade.png>] [41 <./figures/chap3/f31
4_sunlit.jpg> <./figures/chap3/f315_clumping.png>] [42 <./figures/chap3/f316_di
ffuse.jpg> <./figures/chap3/f317_diff_trans.png>] [43 <./figures/chap3/f318_dif
f_dir_trans.jpg>] [44 <./figures/chap3/f319_Norman.png>]
<figures/chap3/f321_two_stream.png, id=435, 513.65054pt x 528.20154pt>
File: figures/chap3/f321_two_stream.png Graphic file (type png)
<use figures/chap3/f321_two_stream.png>
Package pdftex.def Info: figures/chap3/f321_two_stream.png  used on input line 
1123.
(pdftex.def)             Requested size: 354.87383pt x 364.92691pt.
<figures/chap3/f322_LW.png, id=436, 556.3335pt x 493.76416pt>
File: figures/chap3/f322_LW.png Graphic file (type png)
<use figures/chap3/f322_LW.png>
Package pdftex.def Info: figures/chap3/f322_LW.png  used on input line 1135.
(pdftex.def)             Requested size: 354.87225pt x 314.96071pt.
<figures/chap3/f323_bigleaf.jpg, id=437, 922.1652pt x 511.1898pt>
File: figures/chap3/f323_bigleaf.jpg Graphic file (type jpg)
<use figures/chap3/f323_bigleaf.jpg>
Package pdftex.def Info: figures/chap3/f323_bigleaf.jpg  used on input line 115
1.
(pdftex.def)             Requested size: 354.85881pt x 196.71118pt.
<figures/chap3/f324_vcamx_profile.png, id=438, 494.73422pt x 397.72752pt>
File: figures/chap3/f324_vcamx_profile.png Graphic file (type png)
<use figures/chap3/f324_vcamx_profile.png>
Package pdftex.def Info: figures/chap3/f324_vcamx_profile.png  used on input li
ne 1160.
(pdftex.def)             Requested size: 354.8722pt x 285.28941pt.
<figures/chap3/f325_multilayer_process.jpg, id=439, 502.5174pt x 653.8026pt>
File: figures/chap3/f325_multilayer_process.jpg Graphic file (type jpg)
<use figures/chap3/f325_multilayer_process.jpg>
Package pdftex.def Info: figures/chap3/f325_multilayer_process.jpg  used on inp
ut line 1172.
(pdftex.def)             Requested size: 354.8729pt x 461.70903pt.

LaTeX Warning: Float too large for page by 37.05003pt on input line 1177.

<figures/chap3/f326_multilayer_solving.jpg, id=440, 270.2898pt x 435.5472pt>
File: figures/chap3/f326_multilayer_solving.jpg Graphic file (type jpg)
<use figures/chap3/f326_multilayer_solving.jpg>
Package pdftex.def Info: figures/chap3/f326_multilayer_solving.jpg  used on inp
ut line 1181.
(pdftex.def)             Requested size: 270.29738pt x 435.5594pt.
<figures/chap3/f327_DART.png, id=441, 639.89063pt x 555.57562pt>
File: figures/chap3/f327_DART.png Graphic file (type png)
<use figures/chap3/f327_DART.png>
Package pdftex.def Info: figures/chap3/f327_DART.png  used on input line 1193.
(pdftex.def)             Requested size: 354.8701pt x 308.11075pt.
<figures/chap3/f328_TLS_RT.png, id=442, 1318.17468pt x 529.22719pt>
File: figures/chap3/f328_TLS_RT.png Graphic file (type png)
<use figures/chap3/f328_TLS_RT.png>
Package pdftex.def Info: figures/chap3/f328_TLS_RT.png  used on input line 1202
.
(pdftex.def)             Requested size: 354.86601pt x 142.47333pt.
<figures/chap3/f329_rad_balance.jpg, id=443, 498.1812pt x 235.1184pt>
File: figures/chap3/f329_rad_balance.jpg Graphic file (type jpg)
<use figures/chap3/f329_rad_balance.jpg>
Package pdftex.def Info: figures/chap3/f329_rad_balance.jpg  used on input line
 1220.
(pdftex.def)             Requested size: 354.87418pt x 167.48412pt.
<figures/chap3/f330_E_balance.jpg, id=444, 382.5492pt x 380.622pt>
File: figures/chap3/f330_E_balance.jpg Graphic file (type jpg)
<use figures/chap3/f330_E_balance.jpg>
Package pdftex.def Info: figures/chap3/f330_E_balance.jpg  used on input line 1
233.
(pdftex.def)             Requested size: 354.8798pt x 353.092pt.
<figures/chap3/f331_leaf_E_balance.jpg, id=445, 327.624pt x 687.0468pt>
File: figures/chap3/f331_leaf_E_balance.jpg Graphic file (type jpg)
<use figures/chap3/f331_leaf_E_balance.jpg>
Package pdftex.def Info: figures/chap3/f331_leaf_E_balance.jpg  used on input l
ine 1245.
(pdftex.def)             Requested size: 324.83366pt x 681.19533pt.

LaTeX Warning: Float too large for page by 126.03633pt on input line 1250.

<figures/chap3/f332_knohl1.png, id=446, 842.07455pt x 363.26868pt>
File: figures/chap3/f332_knohl1.png Graphic file (type png)
<use figures/chap3/f332_knohl1.png>
Package pdftex.def Info: figures/chap3/f332_knohl1.png  used on input line 1260
.
(pdftex.def)             Requested size: 354.86386pt x 153.0873pt.
<figures/chap3/f333_knohl2.png, id=447, 723.34526pt x 728.45602pt>
File: figures/chap3/f333_knohl2.png Graphic file (type png)
<use figures/chap3/f333_knohl2.png>
Package pdftex.def Info: figures/chap3/f333_knohl2.png  used on input line 1269
.
(pdftex.def)             Requested size: 354.87273pt x 357.38008pt.
<figures/chap3/f334_chen1.png, id=448, 1353.1267pt x 615.25433pt>
File: figures/chap3/f334_chen1.png Graphic file (type png)
<use figures/chap3/f334_chen1.png>
Package pdftex.def Info: figures/chap3/f334_chen1.png  used on input line 1281.

(pdftex.def)             Requested size: 354.8604pt x 161.35178pt.
[45 <./figures/chap3/f320_goudriaan.png>] [46 <./figures/chap3/f321_two_stream.
png>] [47 <./figures/chap3/f322_LW.png>]
<figures/chap3/f335_chen2.png, id=495, 994.35777pt x 626.76637pt>
File: figures/chap3/f335_chen2.png Graphic file (type png)
<use figures/chap3/f335_chen2.png>
Package pdftex.def Info: figures/chap3/f335_chen2.png  used on input line 1290.

(pdftex.def)             Requested size: 354.85812pt x 223.67517pt.
[48 <./figures/chap3/f323_bigleaf.jpg>] [49 <./figures/chap3/f324_vcamx_profile
.png>] [50 <./figures/chap3/f325_multilayer_process.jpg>] [51 <./figures/chap3/
f326_multilayer_solving.jpg>] [52 <./figures/chap3/f327_DART.png> <./figures/ch
ap3/f328_TLS_RT.png>] [53 <./figures/chap3/f329_rad_balance.jpg> <./figures/cha
p3/f330_E_balance.jpg>] [54 <./figures/chap3/f331_leaf_E_balance.jpg>] [55 <./f
igures/chap3/f332_knohl1.png> <./figures/chap3/f333_knohl2.png>] [56 <./figures
/chap3/f334_chen1.png> <./figures/chap3/f335_chen2.png>]
<figures/chap4/f41_Krinner.png, id=556, 794.97pt x 363.759pt>
File: figures/chap4/f41_Krinner.png Graphic file (type png)
<use figures/chap4/f41_Krinner.png>
Package pdftex.def Info: figures/chap4/f41_Krinner.png  used on input line 1309
.
(pdftex.def)             Requested size: 354.87045pt x 162.38011pt.
<figures/chap4/f42_Defilia.png, id=557, 587.19376pt x 395.22656pt>
File: figures/chap4/f42_Defilia.png Graphic file (type png)
<use figures/chap4/f42_Defilia.png>
Package pdftex.def Info: figures/chap4/f42_Defilia.png  used on input line 1321
.
(pdftex.def)             Requested size: 354.86357pt x 238.85046pt.
<figures/chap4/f43_Polgar.png, id=558, 836.06471pt x 622.36398pt>
File: figures/chap4/f43_Polgar.png Graphic file (type png)
<use figures/chap4/f43_Polgar.png>
Package pdftex.def Info: figures/chap4/f43_Polgar.png  used on input line 1330.

(pdftex.def)             Requested size: 354.85716pt x 264.15457pt.
<figures/chap4/f44_zhang.png, id=559, 576.65437pt x 400.49625pt>
File: figures/chap4/f44_zhang.png Graphic file (type png)
<use figures/chap4/f44_zhang.png>
Package pdftex.def Info: figures/chap4/f44_zhang.png  used on input line 1345.
(pdftex.def)             Requested size: 354.8735pt x 246.46567pt.
<figures/chap4/f45_zhang_map.png, id=560, 619.56468pt x 692.5875pt>
File: figures/chap4/f45_zhang_map.png Graphic file (type png)
<use figures/chap4/f45_zhang_map.png>
Package pdftex.def Info: figures/chap4/f45_zhang_map.png  used on input line 13
54.
(pdftex.def)             Requested size: 354.85721pt x 396.68121pt.
<figures/chap4/f46_vc_age.png, id=561, 499.51323pt x 465.89592pt>
File: figures/chap4/f46_vc_age.png Graphic file (type png)
<use figures/chap4/f46_vc_age.png>
Package pdftex.def Info: figures/chap4/f46_vc_age.png  used on input line 1372.

(pdftex.def)             Requested size: 354.87029pt x 330.98746pt.
<figures/chap4/f49_junglerythms.png, id=562, 734.745pt x 367.3725pt>
File: figures/chap4/f49_junglerythms.png Graphic file (type png)
<use figures/chap4/f49_junglerythms.png>
Package pdftex.def Info: figures/chap4/f49_junglerythms.png  used on input line
 1387.
(pdftex.def)             Requested size: 354.871pt x 177.43549pt.
[57

 <./figures/chap4/f41_Krinner.png>] [58 <./figures/chap4/f42_Defilia.png> <./fi
gures/chap4/f43_Polgar.png>]
<figures/chap4/f410_kearsley.png, id=595, 552.23706pt x 498.03456pt>
File: figures/chap4/f410_kearsley.png Graphic file (type png)
<use figures/chap4/f410_kearsley.png>
Package pdftex.def Info: figures/chap4/f410_kearsley.png  used on input line 13
96.
(pdftex.def)             Requested size: 354.87143pt x 320.04053pt.
[59 <./figures/chap4/f44_zhang.png>] [60 <./figures/chap4/f45_zhang_map.png>] [
61 <./figures/chap4/f46_vc_age.png> <./figures/chap4/f49_junglerythms.png>]
<figures/chap4/f47_LAI_richardson.png, id=618, 425.82617pt x 547.28738pt>
File: figures/chap4/f47_LAI_richardson.png Graphic file (type png)
<use figures/chap4/f47_LAI_richardson.png>
Package pdftex.def Info: figures/chap4/f47_LAI_richardson.png  used on input li
ne 1422.
(pdftex.def)             Requested size: 354.87158pt x 456.09396pt.
<figures/chap4/f48_bias_richardson.png, id=619, 348.59647pt x 303.81467pt>
File: figures/chap4/f48_bias_richardson.png Graphic file (type png)
<use figures/chap4/f48_bias_richardson.png>
Package pdftex.def Info: figures/chap4/f48_bias_richardson.png  used on input l
ine 1431.
(pdftex.def)             Requested size: 348.5956pt x 303.81392pt.
<figures/chap4/f411_chen1.png, id=620, 711.36353pt x 227.33476pt>
File: figures/chap4/f411_chen1.png Graphic file (type png)
<use figures/chap4/f411_chen1.png>
Package pdftex.def Info: figures/chap4/f411_chen1.png  used on input line 1443.

(pdftex.def)             Requested size: 354.86679pt x 113.40692pt.
<figures/chap4/f412_chen2.png, id=621, 690.81618pt x 422.39359pt>
File: figures/chap4/f412_chen2.png Graphic file (type png)
<use figures/chap4/f412_chen2.png>
Package pdftex.def Info: figures/chap4/f412_chen2.png  used on input line 1452.

(pdftex.def)             Requested size: 354.86252pt x 216.97762pt.
<figures/chap4/f413_chen3.png, id=622, 619.96324pt x 362.05165pt>
File: figures/chap4/f413_chen3.png Graphic file (type png)
<use figures/chap4/f413_chen3.png>
Package pdftex.def Info: figures/chap4/f413_chen3.png  used on input line 1461.

(pdftex.def)             Requested size: 354.87738pt x 207.24445pt.
[62 <./figures/chap4/f410_kearsley.png>] [63 <./figures/chap4/f47_LAI_richardso
n.png>] [64 <./figures/chap4/f48_bias_richardson.png> <./figures/chap4/f411_che
n1.png>] [65 <./figures/chap4/f412_chen2.png> <./figures/chap4/f413_chen3.png>]
[66

] [67

] [68] [69] [70]
<figures/Violle2007.jpg, id=706, 796.47563pt x 447.92343pt>
File: figures/Violle2007.jpg Graphic file (type jpg)
<use figures/Violle2007.jpg>
Package pdftex.def Info: figures/Violle2007.jpg  used on input line 1745.
(pdftex.def)             Requested size: 443.58052pt x 249.46162pt.
LaTeX Font Info:    External font `lmex10' loaded for size
(Font)              <12> on input line 1747.
LaTeX Font Info:    External font `lmex10' loaded for size
(Font)              <8> on input line 1747.
LaTeX Font Info:    External font `lmex10' loaded for size
(Font)              <6> on input line 1747.
[71

] [72 <./figures/Violle2007.jpg>] [73] [74] [75

] [76] [77] [78

] [79

] [80] [81] [82

] [83] [84

] [85] [86

]
LaTeX Font Info:    Trying to load font information for T1+lmtt on input line 2
584.
(C:\Program Files\MiKTeX\tex/latex/lm\t1lmtt.fd
File: t1lmtt.fd 2009/10/30 v1.6 Font defs for Latin Modern
) [87

] [88] [89

] [90

] [91

] [92

] [93

] [94

] [95

] [96

] (VegMod_course.aux) ) 
Here is how much of TeX's memory you used:
 15940 strings out of 479334
 256076 string characters out of 2866952
 609264 words of memory out of 3000000
 32384 multiletter control sequences out of 15000+200000
 473237 words of font info for 166 fonts, out of 3000000 for 9000
 1141 hyphenation exceptions out of 8191
 85i,6n,88p,1539b,398s stack positions out of 5000i,500n,10000p,200000b,50000s
{C:/Program Files/MiKTeX/fonts/enc/dvips/lm/lm-ec.enc}{C
:/Program Files/MiKTeX/fonts/enc/dvips/lm/lm-ts1.enc}<C:/Program Files/MiKTeX/f
onts/type1/public/lm/lmbx12.pfb><C:/Program Files/MiKTeX/fonts/type1/public/lm/
lmr12.pfb><C:/Program Files/MiKTeX/fonts/type1/public/lm/lmr17.pfb><C:/Program 
Files/MiKTeX/fonts/type1/public/lm/lmro12.pfb><C:/Program Files/MiKTeX/fonts/ty
pe1/public/lm/lmtt12.pfb>
Output written on VegMod_course.pdf (97 pages, 22506545 bytes).
PDF statistics:
 1558 PDF objects out of 1728 (max. 8388607)
 501 named destinations out of 1000 (max. 500000)
 40595 words of extra memory for PDF output out of 42996 (max. 10000000)

